Build started 3/23/2013 2:37:18 PM.
     1>Project "E:\+ Evan\Desktop\GRAPHICS\trunk\P3\proj\code.vcxproj" on node 2 (build target(s)).
     1>InitializeBuildStatus:
         Creating "Debug\code.unsuccessfulbuild" because "AlwaysCreate" was specified.
       ClCompile:
         E:\Program Files (x86)\Microsoft Visual Studio 10.0\VC\bin\CL.exe /c /I"E:\+ Evan\Desktop\GRAPHICS\trunk\P3\proj\\include" /ZI /nologo /W3 /WX- /Od /Oy- /D WIN32 /D _DEBUG /D _CONSOLE /D _UNICODE /D UNICODE /Gm /EHsc /RTC1 /MDd /GS /fp:precise /Zc:wchar_t /Zc:forScope /Fo"Debug\\" /Fd"Debug\vc100.pdb" /Gd /TP /analyze- /errorReport:prompt CGInterface.cpp framebuffer.cpp gui.cxx m33.cpp ppc.cpp scene.cpp tmesh.cpp v3.cpp
         v3.cpp
         tmesh.cpp
         scene.cpp
         ppc.cpp
         m33.cpp
         gui.cxx
         framebuffer.cpp
         CGInterface.cpp
         Generating Code...
       ManifestResourceCompile:
         C:\Program Files (x86)\Microsoft SDKs\Windows\v7.0A\bin\rc.exe /nologo /fo"Debug\code.exe.embed.manifest.res" Debug\code_manifest.rc 
       Link:
         E:\Program Files (x86)\Microsoft Visual Studio 10.0\VC\bin\link.exe /ERRORREPORT:PROMPT /OUT:"E:\+ Evan\Desktop\GRAPHICS\trunk\P3\proj\Debug\code.exe" /INCREMENTAL /NOLOGO /LIBPATH:"E:\+ Evan\Desktop\GRAPHICS\trunk\P3\proj\\lib" cg.lib cgGL.lib tiff.lib fltk.lib fltkgl.lib opengl32.lib glu32.lib wsock32.lib comctl32.lib kernel32.lib user32.lib gdi32.lib winspool.lib comdlg32.lib advapi32.lib shell32.lib ole32.lib oleaut32.lib uuid.lib odbc32.lib odbccp32.lib /MANIFEST /ManifestFile:"Debug\code.exe.intermediate.manifest" /MANIFESTUAC:"level='asInvoker' uiAccess='false'" /DEBUG /PDB:"E:\+ Evan\Desktop\GRAPHICS\trunk\P3\proj\Debug\code.pdb" /SUBSYSTEM:CONSOLE /TLBID:1 /DYNAMICBASE /NXCOMPAT /IMPLIB:"E:\+ Evan\Desktop\GRAPHICS\trunk\P3\proj\Debug\code.lib" /MACHINE:X86 Debug\code.exe.embed.manifest.res
         Debug\CGInterface.obj
         Debug\framebuffer.obj
         Debug\gui.obj
         Debug\m33.obj
         Debug\ppc.obj
         Debug\scene.obj
         Debug\tmesh.obj
         Debug\v3.obj
     1>LINK : warning LNK4098: defaultlib 'MSVCRT' conflicts with use of other libs; use /NODEFAULTLIB:library
     1>fltk.lib(case.obj) : warning LNK4204: 'E:\+ Evan\Desktop\GRAPHICS\trunk\P3\proj\Debug\vc100.pdb' is missing debugging information for referencing module; linking object as if no debug info
     1>fltk.lib(filename_list.obj) : warning LNK4204: 'E:\+ Evan\Desktop\GRAPHICS\trunk\P3\proj\Debug\vc100.pdb' is missing debugging information for referencing module; linking object as if no debug info
     1>fltk.lib(filename_match.obj) : warning LNK4204: 'E:\+ Evan\Desktop\GRAPHICS\trunk\P3\proj\Debug\vc100.pdb' is missing debugging information for referencing module; linking object as if no debug info
     1>fltk.lib(Fl.obj) : warning LNK4204: 'E:\+ Evan\Desktop\GRAPHICS\trunk\P3\proj\Debug\vc100.pdb' is missing debugging information for referencing module; linking object as if no debug info
     1>fltk.lib(Fl_abort.obj) : warning LNK4204: 'E:\+ Evan\Desktop\GRAPHICS\trunk\P3\proj\Debug\vc100.pdb' is missing debugging information for referencing module; linking object as if no debug info
     1>fltk.lib(fl_arc.obj) : warning LNK4204: 'E:\+ Evan\Desktop\GRAPHICS\trunk\P3\proj\Debug\vc100.pdb' is missing debugging information for referencing module; linking object as if no debug info
     1>fltk.lib(fl_arci.obj) : warning LNK4204: 'E:\+ Evan\Desktop\GRAPHICS\trunk\P3\proj\Debug\vc100.pdb' is missing debugging information for referencing module; linking object as if no debug info
     1>fltk.lib(fl_ask.obj) : warning LNK4204: 'E:\+ Evan\Desktop\GRAPHICS\trunk\P3\proj\Debug\vc100.pdb' is missing debugging information for referencing module; linking object as if no debug info
     1>fltk.lib(Fl_Bitmap.obj) : warning LNK4204: 'E:\+ Evan\Desktop\GRAPHICS\trunk\P3\proj\Debug\vc100.pdb' is missing debugging information for referencing module; linking object as if no debug info
     1>fltk.lib(Fl_Box.obj) : warning LNK4204: 'E:\+ Evan\Desktop\GRAPHICS\trunk\P3\proj\Debug\vc100.pdb' is missing debugging information for referencing module; linking object as if no debug info
     1>fltk.lib(fl_boxtype.obj) : warning LNK4204: 'E:\+ Evan\Desktop\GRAPHICS\trunk\P3\proj\Debug\vc100.pdb' is missing debugging information for referencing module; linking object as if no debug info
     1>fltk.lib(Fl_Button.obj) : warning LNK4204: 'E:\+ Evan\Desktop\GRAPHICS\trunk\P3\proj\Debug\vc100.pdb' is missing debugging information for referencing module; linking object as if no debug info
     1>fltk.lib(fl_color.obj) : warning LNK4204: 'E:\+ Evan\Desktop\GRAPHICS\trunk\P3\proj\Debug\vc100.pdb' is missing debugging information for referencing module; linking object as if no debug info
     1>fltk.lib(Fl_compose.obj) : warning LNK4204: 'E:\+ Evan\Desktop\GRAPHICS\trunk\P3\proj\Debug\vc100.pdb' is missing debugging information for referencing module; linking object as if no debug info
     1>fltk.lib(fl_cursor.obj) : warning LNK4204: 'E:\+ Evan\Desktop\GRAPHICS\trunk\P3\proj\Debug\vc100.pdb' is missing debugging information for referencing module; linking object as if no debug info
     1>fltk.lib(fl_curve.obj) : warning LNK4204: 'E:\+ Evan\Desktop\GRAPHICS\trunk\P3\proj\Debug\vc100.pdb' is missing debugging information for referencing module; linking object as if no debug info
     1>fltk.lib(Fl_Device.obj) : warning LNK4204: 'E:\+ Evan\Desktop\GRAPHICS\trunk\P3\proj\Debug\vc100.pdb' is missing debugging information for referencing module; linking object as if no debug info
     1>fltk.lib(fl_dnd.obj) : warning LNK4204: 'E:\+ Evan\Desktop\GRAPHICS\trunk\P3\proj\Debug\vc100.pdb' is missing debugging information for referencing module; linking object as if no debug info
     1>fltk.lib(Fl_Double_Window.obj) : warning LNK4204: 'E:\+ Evan\Desktop\GRAPHICS\trunk\P3\proj\Debug\vc100.pdb' is missing debugging information for referencing module; linking object as if no debug info
     1>fltk.lib(fl_draw.obj) : warning LNK4204: 'E:\+ Evan\Desktop\GRAPHICS\trunk\P3\proj\Debug\vc100.pdb' is missing debugging information for referencing module; linking object as if no debug info
     1>fltk.lib(fl_draw_image.obj) : warning LNK4204: 'E:\+ Evan\Desktop\GRAPHICS\trunk\P3\proj\Debug\vc100.pdb' is missing debugging information for referencing module; linking object as if no debug info
     1>fltk.lib(fl_draw_pixmap.obj) : warning LNK4204: 'E:\+ Evan\Desktop\GRAPHICS\trunk\P3\proj\Debug\vc100.pdb' is missing debugging information for referencing module; linking object as if no debug info
     1>fltk.lib(fl_font.obj) : warning LNK4204: 'E:\+ Evan\Desktop\GRAPHICS\trunk\P3\proj\Debug\vc100.pdb' is missing debugging information for referencing module; linking object as if no debug info
     1>fltk.lib(Fl_get_system_colors.obj) : warning LNK4204: 'E:\+ Evan\Desktop\GRAPHICS\trunk\P3\proj\Debug\vc100.pdb' is missing debugging information for referencing module; linking object as if no debug info
     1>fltk.lib(Fl_grab.obj) : warning LNK4204: 'E:\+ Evan\Desktop\GRAPHICS\trunk\P3\proj\Debug\vc100.pdb' is missing debugging information for referencing module; linking object as if no debug info
     1>fltk.lib(Fl_Group.obj) : warning LNK4204: 'E:\+ Evan\Desktop\GRAPHICS\trunk\P3\proj\Debug\vc100.pdb' is missing debugging information for referencing module; linking object as if no debug info
     1>fltk.lib(fl_gtk.obj) : warning LNK4204: 'E:\+ Evan\Desktop\GRAPHICS\trunk\P3\proj\Debug\vc100.pdb' is missing debugging information for referencing module; linking object as if no debug info
     1>fltk.lib(Fl_Image.obj) : warning LNK4204: 'E:\+ Evan\Desktop\GRAPHICS\trunk\P3\proj\Debug\vc100.pdb' is missing debugging information for referencing module; linking object as if no debug info
     1>fltk.lib(Fl_Input.obj) : warning LNK4204: 'E:\+ Evan\Desktop\GRAPHICS\trunk\P3\proj\Debug\vc100.pdb' is missing debugging information for referencing module; linking object as if no debug info
     1>fltk.lib(Fl_Input_.obj) : warning LNK4204: 'E:\+ Evan\Desktop\GRAPHICS\trunk\P3\proj\Debug\vc100.pdb' is missing debugging information for referencing module; linking object as if no debug info
     1>fltk.lib(fl_labeltype.obj) : warning LNK4204: 'E:\+ Evan\Desktop\GRAPHICS\trunk\P3\proj\Debug\vc100.pdb' is missing debugging information for referencing module; linking object as if no debug info
     1>fltk.lib(fl_line_style.obj) : warning LNK4204: 'E:\+ Evan\Desktop\GRAPHICS\trunk\P3\proj\Debug\vc100.pdb' is missing debugging information for referencing module; linking object as if no debug info
     1>fltk.lib(Fl_lock.obj) : warning LNK4204: 'E:\+ Evan\Desktop\GRAPHICS\trunk\P3\proj\Debug\vc100.pdb' is missing debugging information for referencing module; linking object as if no debug info
     1>fltk.lib(Fl_Menu_Window.obj) : warning LNK4204: 'E:\+ Evan\Desktop\GRAPHICS\trunk\P3\proj\Debug\vc100.pdb' is missing debugging information for referencing module; linking object as if no debug info
     1>fltk.lib(Fl_Native_File_Chooser.obj) : warning LNK4204: 'E:\+ Evan\Desktop\GRAPHICS\trunk\P3\proj\Debug\vc100.pdb' is missing debugging information for referencing module; linking object as if no debug info
     1>fltk.lib(Fl_Paged_Device.obj) : warning LNK4204: 'E:\+ Evan\Desktop\GRAPHICS\trunk\P3\proj\Debug\vc100.pdb' is missing debugging information for referencing module; linking object as if no debug info
     1>fltk.lib(Fl_Pixmap.obj) : warning LNK4204: 'E:\+ Evan\Desktop\GRAPHICS\trunk\P3\proj\Debug\vc100.pdb' is missing debugging information for referencing module; linking object as if no debug info
     1>fltk.lib(fl_plastic.obj) : warning LNK4204: 'E:\+ Evan\Desktop\GRAPHICS\trunk\P3\proj\Debug\vc100.pdb' is missing debugging information for referencing module; linking object as if no debug info
     1>fltk.lib(Fl_Preferences.obj) : warning LNK4204: 'E:\+ Evan\Desktop\GRAPHICS\trunk\P3\proj\Debug\vc100.pdb' is missing debugging information for referencing module; linking object as if no debug info
     1>fltk.lib(Fl_Printer.obj) : warning LNK4204: 'E:\+ Evan\Desktop\GRAPHICS\trunk\P3\proj\Debug\vc100.pdb' is missing debugging information for referencing module; linking object as if no debug info
     1>fltk.lib(fl_read_image.obj) : warning LNK4204: 'E:\+ Evan\Desktop\GRAPHICS\trunk\P3\proj\Debug\vc100.pdb' is missing debugging information for referencing module; linking object as if no debug info
     1>fltk.lib(fl_rect.obj) : warning LNK4204: 'E:\+ Evan\Desktop\GRAPHICS\trunk\P3\proj\Debug\vc100.pdb' is missing debugging information for referencing module; linking object as if no debug info
     1>fltk.lib(Fl_Return_Button.obj) : warning LNK4204: 'E:\+ Evan\Desktop\GRAPHICS\trunk\P3\proj\Debug\vc100.pdb' is missing debugging information for referencing module; linking object as if no debug info
     1>fltk.lib(fl_round_box.obj) : warning LNK4204: 'E:\+ Evan\Desktop\GRAPHICS\trunk\P3\proj\Debug\vc100.pdb' is missing debugging information for referencing module; linking object as if no debug info
     1>fltk.lib(fl_shortcut.obj) : warning LNK4204: 'E:\+ Evan\Desktop\GRAPHICS\trunk\P3\proj\Debug\vc100.pdb' is missing debugging information for referencing module; linking object as if no debug info
     1>fltk.lib(Fl_Single_Window.obj) : warning LNK4204: 'E:\+ Evan\Desktop\GRAPHICS\trunk\P3\proj\Debug\vc100.pdb' is missing debugging information for referencing module; linking object as if no debug info
     1>fltk.lib(fl_symbols.obj) : warning LNK4204: 'E:\+ Evan\Desktop\GRAPHICS\trunk\P3\proj\Debug\vc100.pdb' is missing debugging information for referencing module; linking object as if no debug info
     1>fltk.lib(Fl_Tiled_Image.obj) : warning LNK4204: 'E:\+ Evan\Desktop\GRAPHICS\trunk\P3\proj\Debug\vc100.pdb' is missing debugging information for referencing module; linking object as if no debug info
     1>fltk.lib(Fl_Tooltip.obj) : warning LNK4204: 'E:\+ Evan\Desktop\GRAPHICS\trunk\P3\proj\Debug\vc100.pdb' is missing debugging information for referencing module; linking object as if no debug info
     1>fltk.lib(fl_utf.obj) : warning LNK4204: 'E:\+ Evan\Desktop\GRAPHICS\trunk\P3\proj\Debug\vc100.pdb' is missing debugging information for referencing module; linking object as if no debug info
     1>fltk.lib(fl_utf8.obj) : warning LNK4204: 'E:\+ Evan\Desktop\GRAPHICS\trunk\P3\proj\Debug\vc100.pdb' is missing debugging information for referencing module; linking object as if no debug info
     1>fltk.lib(fl_vertex.obj) : warning LNK4204: 'E:\+ Evan\Desktop\GRAPHICS\trunk\P3\proj\Debug\vc100.pdb' is missing debugging information for referencing module; linking object as if no debug info
     1>fltk.lib(Fl_Widget.obj) : warning LNK4204: 'E:\+ Evan\Desktop\GRAPHICS\trunk\P3\proj\Debug\vc100.pdb' is missing debugging information for referencing module; linking object as if no debug info
     1>fltk.lib(Fl_Window.obj) : warning LNK4204: 'E:\+ Evan\Desktop\GRAPHICS\trunk\P3\proj\Debug\vc100.pdb' is missing debugging information for referencing module; linking object as if no debug info
     1>fltk.lib(Fl_Window_hotspot.obj) : warning LNK4204: 'E:\+ Evan\Desktop\GRAPHICS\trunk\P3\proj\Debug\vc100.pdb' is missing debugging information for referencing module; linking object as if no debug info
     1>fltk.lib(flstring.obj) : warning LNK4204: 'E:\+ Evan\Desktop\GRAPHICS\trunk\P3\proj\Debug\vc100.pdb' is missing debugging information for referencing module; linking object as if no debug info
     1>fltk.lib(is_spacing.obj) : warning LNK4204: 'E:\+ Evan\Desktop\GRAPHICS\trunk\P3\proj\Debug\vc100.pdb' is missing debugging information for referencing module; linking object as if no debug info
     1>fltk.lib(numericsort.obj) : warning LNK4204: 'E:\+ Evan\Desktop\GRAPHICS\trunk\P3\proj\Debug\vc100.pdb' is missing debugging information for referencing module; linking object as if no debug info
     1>fltk.lib(ps_image.obj) : warning LNK4204: 'E:\+ Evan\Desktop\GRAPHICS\trunk\P3\proj\Debug\vc100.pdb' is missing debugging information for referencing module; linking object as if no debug info
     1>fltk.lib(scandir.obj) : warning LNK4204: 'E:\+ Evan\Desktop\GRAPHICS\trunk\P3\proj\Debug\vc100.pdb' is missing debugging information for referencing module; linking object as if no debug info
     1>fltk.lib(screen_xywh.obj) : warning LNK4204: 'E:\+ Evan\Desktop\GRAPHICS\trunk\P3\proj\Debug\vc100.pdb' is missing debugging information for referencing module; linking object as if no debug info
     1>fltk.lib(vsnprintf.obj) : warning LNK4204: 'E:\+ Evan\Desktop\GRAPHICS\trunk\P3\proj\Debug\vc100.pdb' is missing debugging information for referencing module; linking object as if no debug info
     1>fltkgl.lib(Fl_Gl_Choice.obj) : warning LNK4204: 'E:\+ Evan\Desktop\GRAPHICS\trunk\P3\proj\Debug\vc100.pdb' is missing debugging information for referencing module; linking object as if no debug info
     1>fltkgl.lib(Fl_Gl_Device_Plugin.obj) : warning LNK4204: 'E:\+ Evan\Desktop\GRAPHICS\trunk\P3\proj\Debug\vc100.pdb' is missing debugging information for referencing module; linking object as if no debug info
     1>fltkgl.lib(Fl_Gl_Window.obj) : warning LNK4204: 'E:\+ Evan\Desktop\GRAPHICS\trunk\P3\proj\Debug\vc100.pdb' is missing debugging information for referencing module; linking object as if no debug info
     1>fltkgl.lib(gl_draw.obj) : warning LNK4204: 'E:\+ Evan\Desktop\GRAPHICS\trunk\P3\proj\Debug\vc100.pdb' is missing debugging information for referencing module; linking object as if no debug info
       Manifest:
         C:\Program Files (x86)\Microsoft SDKs\Windows\v7.0A\bin\mt.exe /nologo /verbose /out:"Debug\code.exe.embed.manifest" /manifest Debug\code.exe.intermediate.manifest
         C:\Program Files (x86)\Microsoft SDKs\Windows\v7.0A\bin\rc.exe /nologo /fo"Debug\code.exe.embed.manifest.res" Debug\code_manifest.rc 
       LinkEmbedManifest:
         E:\Program Files (x86)\Microsoft Visual Studio 10.0\VC\bin\link.exe /ERRORREPORT:PROMPT /OUT:"E:\+ Evan\Desktop\GRAPHICS\trunk\P3\proj\Debug\code.exe" /INCREMENTAL /NOLOGO /LIBPATH:"E:\+ Evan\Desktop\GRAPHICS\trunk\P3\proj\\lib" cg.lib cgGL.lib tiff.lib fltk.lib fltkgl.lib opengl32.lib glu32.lib wsock32.lib comctl32.lib kernel32.lib user32.lib gdi32.lib winspool.lib comdlg32.lib advapi32.lib shell32.lib ole32.lib oleaut32.lib uuid.lib odbc32.lib odbccp32.lib /MANIFEST /ManifestFile:"Debug\code.exe.intermediate.manifest" /MANIFESTUAC:"level='asInvoker' uiAccess='false'" /DEBUG /PDB:"E:\+ Evan\Desktop\GRAPHICS\trunk\P3\proj\Debug\code.pdb" /SUBSYSTEM:CONSOLE /TLBID:1 /DYNAMICBASE /NXCOMPAT /IMPLIB:"E:\+ Evan\Desktop\GRAPHICS\trunk\P3\proj\Debug\code.lib" /MACHINE:X86 Debug\code.exe.embed.manifest.res
         Debug\CGInterface.obj
         Debug\framebuffer.obj
         Debug\gui.obj
         Debug\m33.obj
         Debug\ppc.obj
         Debug\scene.obj
         Debug\tmesh.obj
         Debug\v3.obj
     1>LINK : warning LNK4098: defaultlib 'MSVCRT' conflicts with use of other libs; use /NODEFAULTLIB:library
     1>fltk.lib(case.obj) : warning LNK4204: 'E:\+ Evan\Desktop\GRAPHICS\trunk\P3\proj\Debug\vc100.pdb' is missing debugging information for referencing module; linking object as if no debug info
     1>fltk.lib(filename_list.obj) : warning LNK4204: 'E:\+ Evan\Desktop\GRAPHICS\trunk\P3\proj\Debug\vc100.pdb' is missing debugging information for referencing module; linking object as if no debug info
     1>fltk.lib(filename_match.obj) : warning LNK4204: 'E:\+ Evan\Desktop\GRAPHICS\trunk\P3\proj\Debug\vc100.pdb' is missing debugging information for referencing module; linking object as if no debug info
     1>fltk.lib(Fl.obj) : warning LNK4204: 'E:\+ Evan\Desktop\GRAPHICS\trunk\P3\proj\Debug\vc100.pdb' is missing debugging information for referencing module; linking object as if no debug info
     1>fltk.lib(Fl_abort.obj) : warning LNK4204: 'E:\+ Evan\Desktop\GRAPHICS\trunk\P3\proj\Debug\vc100.pdb' is missing debugging information for referencing module; linking object as if no debug info
     1>fltk.lib(fl_arc.obj) : warning LNK4204: 'E:\+ Evan\Desktop\GRAPHICS\trunk\P3\proj\Debug\vc100.pdb' is missing debugging information for referencing module; linking object as if no debug info
     1>fltk.lib(fl_arci.obj) : warning LNK4204: 'E:\+ Evan\Desktop\GRAPHICS\trunk\P3\proj\Debug\vc100.pdb' is missing debugging information for referencing module; linking object as if no debug info
     1>fltk.lib(fl_ask.obj) : warning LNK4204: 'E:\+ Evan\Desktop\GRAPHICS\trunk\P3\proj\Debug\vc100.pdb' is missing debugging information for referencing module; linking object as if no debug info
     1>fltk.lib(Fl_Bitmap.obj) : warning LNK4204: 'E:\+ Evan\Desktop\GRAPHICS\trunk\P3\proj\Debug\vc100.pdb' is missing debugging information for referencing module; linking object as if no debug info
     1>fltk.lib(Fl_Box.obj) : warning LNK4204: 'E:\+ Evan\Desktop\GRAPHICS\trunk\P3\proj\Debug\vc100.pdb' is missing debugging information for referencing module; linking object as if no debug info
     1>fltk.lib(fl_boxtype.obj) : warning LNK4204: 'E:\+ Evan\Desktop\GRAPHICS\trunk\P3\proj\Debug\vc100.pdb' is missing debugging information for referencing module; linking object as if no debug info
     1>fltk.lib(Fl_Button.obj) : warning LNK4204: 'E:\+ Evan\Desktop\GRAPHICS\trunk\P3\proj\Debug\vc100.pdb' is missing debugging information for referencing module; linking object as if no debug info
     1>fltk.lib(fl_color.obj) : warning LNK4204: 'E:\+ Evan\Desktop\GRAPHICS\trunk\P3\proj\Debug\vc100.pdb' is missing debugging information for referencing module; linking object as if no debug info
     1>fltk.lib(Fl_compose.obj) : warning LNK4204: 'E:\+ Evan\Desktop\GRAPHICS\trunk\P3\proj\Debug\vc100.pdb' is missing debugging information for referencing module; linking object as if no debug info
     1>fltk.lib(fl_cursor.obj) : warning LNK4204: 'E:\+ Evan\Desktop\GRAPHICS\trunk\P3\proj\Debug\vc100.pdb' is missing debugging information for referencing module; linking object as if no debug info
     1>fltk.lib(fl_curve.obj) : warning LNK4204: 'E:\+ Evan\Desktop\GRAPHICS\trunk\P3\proj\Debug\vc100.pdb' is missing debugging information for referencing module; linking object as if no debug info
     1>fltk.lib(Fl_Device.obj) : warning LNK4204: 'E:\+ Evan\Desktop\GRAPHICS\trunk\P3\proj\Debug\vc100.pdb' is missing debugging information for referencing module; linking object as if no debug info
     1>fltk.lib(fl_dnd.obj) : warning LNK4204: 'E:\+ Evan\Desktop\GRAPHICS\trunk\P3\proj\Debug\vc100.pdb' is missing debugging information for referencing module; linking object as if no debug info
     1>fltk.lib(Fl_Double_Window.obj) : warning LNK4204: 'E:\+ Evan\Desktop\GRAPHICS\trunk\P3\proj\Debug\vc100.pdb' is missing debugging information for referencing module; linking object as if no debug info
     1>fltk.lib(fl_draw.obj) : warning LNK4204: 'E:\+ Evan\Desktop\GRAPHICS\trunk\P3\proj\Debug\vc100.pdb' is missing debugging information for referencing module; linking object as if no debug info
     1>fltk.lib(fl_draw_image.obj) : warning LNK4204: 'E:\+ Evan\Desktop\GRAPHICS\trunk\P3\proj\Debug\vc100.pdb' is missing debugging information for referencing module; linking object as if no debug info
     1>fltk.lib(fl_draw_pixmap.obj) : warning LNK4204: 'E:\+ Evan\Desktop\GRAPHICS\trunk\P3\proj\Debug\vc100.pdb' is missing debugging information for referencing module; linking object as if no debug info
     1>fltk.lib(fl_font.obj) : warning LNK4204: 'E:\+ Evan\Desktop\GRAPHICS\trunk\P3\proj\Debug\vc100.pdb' is missing debugging information for referencing module; linking object as if no debug info
     1>fltk.lib(Fl_get_system_colors.obj) : warning LNK4204: 'E:\+ Evan\Desktop\GRAPHICS\trunk\P3\proj\Debug\vc100.pdb' is missing debugging information for referencing module; linking object as if no debug info
     1>fltk.lib(Fl_grab.obj) : warning LNK4204: 'E:\+ Evan\Desktop\GRAPHICS\trunk\P3\proj\Debug\vc100.pdb' is missing debugging information for referencing module; linking object as if no debug info
     1>fltk.lib(Fl_Group.obj) : warning LNK4204: 'E:\+ Evan\Desktop\GRAPHICS\trunk\P3\proj\Debug\vc100.pdb' is missing debugging information for referencing module; linking object as if no debug info
     1>fltk.lib(fl_gtk.obj) : warning LNK4204: 'E:\+ Evan\Desktop\GRAPHICS\trunk\P3\proj\Debug\vc100.pdb' is missing debugging information for referencing module; linking object as if no debug info
     1>fltk.lib(Fl_Image.obj) : warning LNK4204: 'E:\+ Evan\Desktop\GRAPHICS\trunk\P3\proj\Debug\vc100.pdb' is missing debugging information for referencing module; linking object as if no debug info
     1>fltk.lib(Fl_Input.obj) : warning LNK4204: 'E:\+ Evan\Desktop\GRAPHICS\trunk\P3\proj\Debug\vc100.pdb' is missing debugging information for referencing module; linking object as if no debug info
     1>fltk.lib(Fl_Input_.obj) : warning LNK4204: 'E:\+ Evan\Desktop\GRAPHICS\trunk\P3\proj\Debug\vc100.pdb' is missing debugging information for referencing module; linking object as if no debug info
     1>fltk.lib(fl_labeltype.obj) : warning LNK4204: 'E:\+ Evan\Desktop\GRAPHICS\trunk\P3\proj\Debug\vc100.pdb' is missing debugging information for referencing module; linking object as if no debug info
     1>fltk.lib(fl_line_style.obj) : warning LNK4204: 'E:\+ Evan\Desktop\GRAPHICS\trunk\P3\proj\Debug\vc100.pdb' is missing debugging information for referencing module; linking object as if no debug info
     1>fltk.lib(Fl_lock.obj) : warning LNK4204: 'E:\+ Evan\Desktop\GRAPHICS\trunk\P3\proj\Debug\vc100.pdb' is missing debugging information for referencing module; linking object as if no debug info
     1>fltk.lib(Fl_Menu_Window.obj) : warning LNK4204: 'E:\+ Evan\Desktop\GRAPHICS\trunk\P3\proj\Debug\vc100.pdb' is missing debugging information for referencing module; linking object as if no debug info
     1>fltk.lib(Fl_Native_File_Chooser.obj) : warning LNK4204: 'E:\+ Evan\Desktop\GRAPHICS\trunk\P3\proj\Debug\vc100.pdb' is missing debugging information for referencing module; linking object as if no debug info
     1>fltk.lib(Fl_Paged_Device.obj) : warning LNK4204: 'E:\+ Evan\Desktop\GRAPHICS\trunk\P3\proj\Debug\vc100.pdb' is missing debugging information for referencing module; linking object as if no debug info
     1>fltk.lib(Fl_Pixmap.obj) : warning LNK4204: 'E:\+ Evan\Desktop\GRAPHICS\trunk\P3\proj\Debug\vc100.pdb' is missing debugging information for referencing module; linking object as if no debug info
     1>fltk.lib(fl_plastic.obj) : warning LNK4204: 'E:\+ Evan\Desktop\GRAPHICS\trunk\P3\proj\Debug\vc100.pdb' is missing debugging information for referencing module; linking object as if no debug info
     1>fltk.lib(Fl_Preferences.obj) : warning LNK4204: 'E:\+ Evan\Desktop\GRAPHICS\trunk\P3\proj\Debug\vc100.pdb' is missing debugging information for referencing module; linking object as if no debug info
     1>fltk.lib(Fl_Printer.obj) : warning LNK4204: 'E:\+ Evan\Desktop\GRAPHICS\trunk\P3\proj\Debug\vc100.pdb' is missing debugging information for referencing module; linking object as if no debug info
     1>fltk.lib(fl_read_image.obj) : warning LNK4204: 'E:\+ Evan\Desktop\GRAPHICS\trunk\P3\proj\Debug\vc100.pdb' is missing debugging information for referencing module; linking object as if no debug info
     1>fltk.lib(fl_rect.obj) : warning LNK4204: 'E:\+ Evan\Desktop\GRAPHICS\trunk\P3\proj\Debug\vc100.pdb' is missing debugging information for referencing module; linking object as if no debug info
     1>fltk.lib(Fl_Return_Button.obj) : warning LNK4204: 'E:\+ Evan\Desktop\GRAPHICS\trunk\P3\proj\Debug\vc100.pdb' is missing debugging information for referencing module; linking object as if no debug info
     1>fltk.lib(fl_round_box.obj) : warning LNK4204: 'E:\+ Evan\Desktop\GRAPHICS\trunk\P3\proj\Debug\vc100.pdb' is missing debugging information for referencing module; linking object as if no debug info
     1>fltk.lib(fl_shortcut.obj) : warning LNK4204: 'E:\+ Evan\Desktop\GRAPHICS\trunk\P3\proj\Debug\vc100.pdb' is missing debugging information for referencing module; linking object as if no debug info
     1>fltk.lib(Fl_Single_Window.obj) : warning LNK4204: 'E:\+ Evan\Desktop\GRAPHICS\trunk\P3\proj\Debug\vc100.pdb' is missing debugging information for referencing module; linking object as if no debug info
     1>fltk.lib(fl_symbols.obj) : warning LNK4204: 'E:\+ Evan\Desktop\GRAPHICS\trunk\P3\proj\Debug\vc100.pdb' is missing debugging information for referencing module; linking object as if no debug info
     1>fltk.lib(Fl_Tiled_Image.obj) : warning LNK4204: 'E:\+ Evan\Desktop\GRAPHICS\trunk\P3\proj\Debug\vc100.pdb' is missing debugging information for referencing module; linking object as if no debug info
     1>fltk.lib(Fl_Tooltip.obj) : warning LNK4204: 'E:\+ Evan\Desktop\GRAPHICS\trunk\P3\proj\Debug\vc100.pdb' is missing debugging information for referencing module; linking object as if no debug info
     1>fltk.lib(fl_utf.obj) : warning LNK4204: 'E:\+ Evan\Desktop\GRAPHICS\trunk\P3\proj\Debug\vc100.pdb' is missing debugging information for referencing module; linking object as if no debug info
     1>fltk.lib(fl_utf8.obj) : warning LNK4204: 'E:\+ Evan\Desktop\GRAPHICS\trunk\P3\proj\Debug\vc100.pdb' is missing debugging information for referencing module; linking object as if no debug info
     1>fltk.lib(fl_vertex.obj) : warning LNK4204: 'E:\+ Evan\Desktop\GRAPHICS\trunk\P3\proj\Debug\vc100.pdb' is missing debugging information for referencing module; linking object as if no debug info
     1>fltk.lib(Fl_Widget.obj) : warning LNK4204: 'E:\+ Evan\Desktop\GRAPHICS\trunk\P3\proj\Debug\vc100.pdb' is missing debugging information for referencing module; linking object as if no debug info
     1>fltk.lib(Fl_Window.obj) : warning LNK4204: 'E:\+ Evan\Desktop\GRAPHICS\trunk\P3\proj\Debug\vc100.pdb' is missing debugging information for referencing module; linking object as if no debug info
     1>fltk.lib(Fl_Window_hotspot.obj) : warning LNK4204: 'E:\+ Evan\Desktop\GRAPHICS\trunk\P3\proj\Debug\vc100.pdb' is missing debugging information for referencing module; linking object as if no debug info
     1>fltk.lib(flstring.obj) : warning LNK4204: 'E:\+ Evan\Desktop\GRAPHICS\trunk\P3\proj\Debug\vc100.pdb' is missing debugging information for referencing module; linking object as if no debug info
     1>fltk.lib(is_spacing.obj) : warning LNK4204: 'E:\+ Evan\Desktop\GRAPHICS\trunk\P3\proj\Debug\vc100.pdb' is missing debugging information for referencing module; linking object as if no debug info
     1>fltk.lib(numericsort.obj) : warning LNK4204: 'E:\+ Evan\Desktop\GRAPHICS\trunk\P3\proj\Debug\vc100.pdb' is missing debugging information for referencing module; linking object as if no debug info
     1>fltk.lib(ps_image.obj) : warning LNK4204: 'E:\+ Evan\Desktop\GRAPHICS\trunk\P3\proj\Debug\vc100.pdb' is missing debugging information for referencing module; linking object as if no debug info
     1>fltk.lib(scandir.obj) : warning LNK4204: 'E:\+ Evan\Desktop\GRAPHICS\trunk\P3\proj\Debug\vc100.pdb' is missing debugging information for referencing module; linking object as if no debug info
     1>fltk.lib(screen_xywh.obj) : warning LNK4204: 'E:\+ Evan\Desktop\GRAPHICS\trunk\P3\proj\Debug\vc100.pdb' is missing debugging information for referencing module; linking object as if no debug info
     1>fltk.lib(vsnprintf.obj) : warning LNK4204: 'E:\+ Evan\Desktop\GRAPHICS\trunk\P3\proj\Debug\vc100.pdb' is missing debugging information for referencing module; linking object as if no debug info
     1>fltkgl.lib(Fl_Gl_Choice.obj) : warning LNK4204: 'E:\+ Evan\Desktop\GRAPHICS\trunk\P3\proj\Debug\vc100.pdb' is missing debugging information for referencing module; linking object as if no debug info
     1>fltkgl.lib(Fl_Gl_Device_Plugin.obj) : warning LNK4204: 'E:\+ Evan\Desktop\GRAPHICS\trunk\P3\proj\Debug\vc100.pdb' is missing debugging information for referencing module; linking object as if no debug info
     1>fltkgl.lib(Fl_Gl_Window.obj) : warning LNK4204: 'E:\+ Evan\Desktop\GRAPHICS\trunk\P3\proj\Debug\vc100.pdb' is missing debugging information for referencing module; linking object as if no debug info
     1>fltkgl.lib(gl_draw.obj) : warning LNK4204: 'E:\+ Evan\Desktop\GRAPHICS\trunk\P3\proj\Debug\vc100.pdb' is missing debugging information for referencing module; linking object as if no debug info
         code.vcxproj -> E:\+ Evan\Desktop\GRAPHICS\trunk\P3\proj\Debug\code.exe
       FinalizeBuildStatus:
         Deleting file "Debug\code.unsuccessfulbuild".
         Touching "Debug\code.lastbuildstate".
     1>Done Building Project "E:\+ Evan\Desktop\GRAPHICS\trunk\P3\proj\code.vcxproj" (build target(s)).

Build succeeded.

Time Elapsed 00:00:08.40
